Ambiente no início da compilação:
ALLUSERSPROFILE = C:\ProgramData
APPDATA = C:\Users\isaqu\AppData\Roaming
CommonProgramFiles = C:\Program Files\Common Files
CommonProgramFiles(x86) = C:\Program Files (x86)\Common Files
CommonProgramW6432 = C:\Program Files\Common Files
COMPLUS_InstallRoot = 
COMPLUS_Version = 
COMPUTERNAME = DESKTOP-ZAK
ComSpec = C:\WINDOWS\system32\cmd.exe
DriverData = C:\Windows\System32\Drivers\DriverData
FPS_BROWSER_APP_PROFILE_STRING = Internet Explorer
FPS_BROWSER_USER_PROFILE_STRING = Default
GOPATH = C:\Users\isaqu\go
HOMEDRIVE = C:
HOMEPATH = \Users\isaqu
JAVA_HOME = C:\Program Files\Java\jdk-17.0.1
LOCALAPPDATA = C:\Users\isaqu\AppData\Local
LOGONSERVER = \\DESKTOP-ZAK
MSBuildLoadMicrosoftTargetsReadOnly = true
NUMBER_OF_PROCESSORS = 16
OneDrive = C:\Users\isaqu\OneDrive
OS = Windows_NT
Path = C:\Program Files\Eclipse Adoptium\jdk-17.0.1.12-hotspot\bin;C:\Program Files\Common Files\Oracle\Java\javapath;C:\Program Files (x86)\Common Files\Oracle\Java\javapath;C:\Windows\system32;C:\Windows;C:\Windows\System32\Wbem;C:\Windows\System32\WindowsPowerShell\v1.0\;C:\Windows\System32\OpenSSH\;C:\Program Files\NVIDIA Corporation\NVIDIA NvDLISR;C:\Program Files (x86)\NVIDIA Corporation\PhysX\Common;C:\Program Files\Git\cmd;C:\WINDOWS\system32;C:\WINDOWS;C:\WINDOWS\System32\Wbem;C:\WINDOWS\System32\WindowsPowerShell\v1.0\;C:\WINDOWS\System32\OpenSSH\;C:\MinGW\bin;C:\MinGW\x86_64-w64-mingw32\bin;C:\Program Files (x86)\Common Files\Propellerhead Software\ReWire\;C:\Program Files\Common Files\Propellerhead Software\ReWire\;C:\Program Files\Java\jdk-17.0.1\bin;C:\Program Files\Go\bin;C:\Users\isaqu\AppData\Local\Microsoft\WindowsApps;C:\Users\isaqu\AppData\Local\Programs\Microsoft VS Code\bin;C:\Users\isaqu\go\bin
PATHEXT = .COM;.EXE;.BAT;.CMD;.VBS;.VBE;.JS;.JSE;.WSF;.WSH;.MSC;.CPL
PkgDefApplicationConfigFile = C:\Users\isaqu\AppData\Local\Microsoft\VisualStudio\17.0_c79aacf7\devenv.exe.config
PROCESSOR_ARCHITECTURE = AMD64
PROCESSOR_IDENTIFIER = Intel64 Family 6 Model 141 Stepping 1, GenuineIntel
PROCESSOR_LEVEL = 6
PROCESSOR_REVISION = 8d01
ProgramData = C:\ProgramData
ProgramFiles = C:\Program Files
ProgramFiles(x86) = C:\Program Files (x86)
ProgramW6432 = C:\Program Files
PSModulePath = C:\Users\isaqu\Documents\WindowsPowerShell\Modules;C:\Program Files\WindowsPowerShell\Modules;C:\WINDOWS\system32\WindowsPowerShell\v1.0\Modules
PUBLIC = C:\Users\Public
ServiceHubLogSessionKey = 5BE18ADB
SystemDrive = C:
SystemRoot = C:\WINDOWS
TEMP = C:\Users\isaqu\AppData\Local\Temp
ThreadedWaitDialogDpiContext = -4
TMP = C:\Users\isaqu\AppData\Local\Temp
USERDOMAIN = DESKTOP-ZAK
USERDOMAIN_ROAMINGPROFILE = DESKTOP-ZAK
USERNAME = isaqu
USERPROFILE = C:\Users\isaqu
VBOX_MSI_INSTALL_PATH = C:\Program Files\Oracle\VirtualBox\
VisualStudioDir = C:\Users\isaqu\Documents\Visual Studio 2022
VisualStudioEdition = Microsoft Visual Studio Community 2022
VisualStudioVersion = 17.0
VSAPPIDDIR = C:\Program Files\Microsoft Visual Studio\2022\Community\Common7\IDE\
VSAPPIDNAME = devenv.exe
VSLANG = 1046
VSSKUEDITION = Community
windir = C:\WINDOWS
ZES_ENABLE_SYSMAN = 1

  WindowsGraphics.cpp
  WindowsGraphics.vcxproj -> C:\Users\isaqu\Documents\Escolaridade\Projetos de Programação\C\Graphics\WindowsGraphics\x64\Debug\WindowsGraphics.exe
